<?xml version="1.0" encoding="UTF-8"?>
<testsuite name="com.timposu.pembayaran.pembayaranserver.FcmServiceTest" tests="1" skipped="0" failures="0" errors="0" timestamp="2017-08-19T05:11:36" hostname="timposu.laptop" time="10.72">
  <properties/>
  <testcase name="testKirimFcm" classname="com.timposu.pembayaran.pembayaranserver.FcmServiceTest" time="10.72"/>
  <system-out><![CDATA[13:11:22.802 [Test worker] DEBUG org.springframework.test.context.junit4.SpringJUnit4ClassRunner - SpringJUnit4ClassRunner constructor called with [class com.timposu.pembayaran.pembayaranserver.FcmServiceTest]
13:11:22.811 [Test worker] DEBUG org.springframework.test.context.BootstrapUtils - Instantiating CacheAwareContextLoaderDelegate from class [org.springframework.test.context.cache.DefaultCacheAwareContextLoaderDelegate]
13:11:22.822 [Test worker] DEBUG org.springframework.test.context.BootstrapUtils - Instantiating BootstrapContext using constructor [public org.springframework.test.context.support.DefaultBootstrapContext(java.lang.Class,org.springframework.test.context.CacheAwareContextLoaderDelegate)]
13:11:22.853 [Test worker] DEBUG org.springframework.test.context.BootstrapUtils - Instantiating TestContextBootstrapper for test class [com.timposu.pembayaran.pembayaranserver.FcmServiceTest] from class [org.springframework.boot.test.context.SpringBootTestContextBootstrapper]
13:11:22.898 [Test worker] INFO org.springframework.boot.test.context.SpringBootTestContextBootstrapper - Neither @ContextConfiguration nor @ContextHierarchy found for test class [com.timposu.pembayaran.pembayaranserver.FcmServiceTest], using SpringBootContextLoader
13:11:22.904 [Test worker] DEBUG org.springframework.test.context.support.AbstractContextLoader - Did not detect default resource location for test class [com.timposu.pembayaran.pembayaranserver.FcmServiceTest]: class path resource [com/timposu/pembayaran/pembayaranserver/FcmServiceTest-context.xml] does not exist
13:11:22.905 [Test worker] DEBUG org.springframework.test.context.support.AbstractContextLoader - Did not detect default resource location for test class [com.timposu.pembayaran.pembayaranserver.FcmServiceTest]: class path resource [com/timposu/pembayaran/pembayaranserver/FcmServiceTestContext.groovy] does not exist
13:11:22.906 [Test worker] INFO org.springframework.test.context.support.AbstractContextLoader - Could not detect default resource locations for test class [com.timposu.pembayaran.pembayaranserver.FcmServiceTest]: no resource found for suffixes {-context.xml, Context.groovy}.
13:11:22.907 [Test worker] INFO org.springframework.test.context.support.AnnotationConfigContextLoaderUtils - Could not detect default configuration classes for test class [com.timposu.pembayaran.pembayaranserver.FcmServiceTest]: FcmServiceTest does not declare any static, non-private, non-final, nested classes annotated with @Configuration.
13:11:22.971 [Test worker] DEBUG org.springframework.test.context.support.ActiveProfilesUtils - Could not find an 'annotation declaring class' for annotation type [org.springframework.test.context.ActiveProfiles] and class [com.timposu.pembayaran.pembayaranserver.FcmServiceTest]
13:11:22.981 [Test worker] DEBUG org.springframework.core.env.StandardEnvironment - Adding [systemProperties] PropertySource with lowest search precedence
13:11:22.982 [Test worker] DEBUG org.springframework.core.env.StandardEnvironment - Adding [systemEnvironment] PropertySource with lowest search precedence
13:11:22.983 [Test worker] DEBUG org.springframework.core.env.StandardEnvironment - Initialized StandardEnvironment with PropertySources [systemProperties,systemEnvironment]
13:11:23.002 [Test worker] DEBUG org.springframework.core.io.support.PathMatchingResourcePatternResolver - Resolved classpath location [com/timposu/pembayaran/pembayaranserver/] to resources [URL [file:/home/ucuptimposu/AndroidStudioProjects/modul-android/app-pembayaran-android/pembayaran-server/build/classes/java/test/com/timposu/pembayaran/pembayaranserver/], URL [file:/home/ucuptimposu/AndroidStudioProjects/modul-android/app-pembayaran-android/pembayaran-server/build/classes/java/main/com/timposu/pembayaran/pembayaranserver/]]
13:11:23.003 [Test worker] DEBUG org.springframework.core.io.support.PathMatchingResourcePatternResolver - Looking for matching resources in directory tree [/home/ucuptimposu/AndroidStudioProjects/modul-android/app-pembayaran-android/pembayaran-server/build/classes/java/test/com/timposu/pembayaran/pembayaranserver]
13:11:23.003 [Test worker] DEBUG org.springframework.core.io.support.PathMatchingResourcePatternResolver - Searching directory [/home/ucuptimposu/AndroidStudioProjects/modul-android/app-pembayaran-android/pembayaran-server/build/classes/java/test/com/timposu/pembayaran/pembayaranserver] for files matching pattern [/home/ucuptimposu/AndroidStudioProjects/modul-android/app-pembayaran-android/pembayaran-server/build/classes/java/test/com/timposu/pembayaran/pembayaranserver/*.class]
13:11:23.008 [Test worker] DEBUG org.springframework.core.io.support.PathMatchingResourcePatternResolver - Looking for matching resources in directory tree [/home/ucuptimposu/AndroidStudioProjects/modul-android/app-pembayaran-android/pembayaran-server/build/classes/java/main/com/timposu/pembayaran/pembayaranserver]
13:11:23.009 [Test worker] DEBUG org.springframework.core.io.support.PathMatchingResourcePatternResolver - Searching directory [/home/ucuptimposu/AndroidStudioProjects/modul-android/app-pembayaran-android/pembayaran-server/build/classes/java/main/com/timposu/pembayaran/pembayaranserver] for files matching pattern [/home/ucuptimposu/AndroidStudioProjects/modul-android/app-pembayaran-android/pembayaran-server/build/classes/java/main/com/timposu/pembayaran/pembayaranserver/*.class]
13:11:23.011 [Test worker] DEBUG org.springframework.core.io.support.PathMatchingResourcePatternResolver - Resolved location pattern [classpath*:com/timposu/pembayaran/pembayaranserver/*.class] to resources [file [/home/ucuptimposu/AndroidStudioProjects/modul-android/app-pembayaran-android/pembayaran-server/build/classes/java/test/com/timposu/pembayaran/pembayaranserver/FcmServiceTest.class], file [/home/ucuptimposu/AndroidStudioProjects/modul-android/app-pembayaran-android/pembayaran-server/build/classes/java/test/com/timposu/pembayaran/pembayaranserver/PembayaranServerApplicationTests.class], file [/home/ucuptimposu/AndroidStudioProjects/modul-android/app-pembayaran-android/pembayaran-server/build/classes/java/main/com/timposu/pembayaran/pembayaranserver/PembayaranServerApplication.class]]
13:11:23.121 [Test worker] DEBUG org.springframework.context.annotation.ClassPathScanningCandidateComponentProvider - Identified candidate component class: file [/home/ucuptimposu/AndroidStudioProjects/modul-android/app-pembayaran-android/pembayaran-server/build/classes/java/main/com/timposu/pembayaran/pembayaranserver/PembayaranServerApplication.class]
13:11:23.123 [Test worker] INFO org.springframework.boot.test.context.SpringBootTestContextBootstrapper - Found @SpringBootConfiguration com.timposu.pembayaran.pembayaranserver.PembayaranServerApplication for test class com.timposu.pembayaran.pembayaranserver.FcmServiceTest
13:11:23.131 [Test worker] DEBUG org.springframework.boot.test.context.SpringBootTestContextBootstrapper - @TestExecutionListeners is not present for class [com.timposu.pembayaran.pembayaranserver.FcmServiceTest]: using defaults.
13:11:23.139 [Test worker] INFO org.springframework.boot.test.context.SpringBootTestContextBootstrapper - Loaded default TestExecutionListener class names from location [META-INF/spring.factories]: [org.springframework.boot.test.autoconfigure.restdocs.RestDocsTestExecutionListener, org.springframework.boot.test.autoconfigure.web.client.MockRestServiceServerResetTestExecutionListener, org.springframework.boot.test.autoconfigure.web.servlet.MockMvcPrintOnlyOnFailureTestExecutionListener, org.springframework.boot.test.autoconfigure.web.servlet.WebDriverTestExecutionListener, org.springframework.boot.test.mock.mockito.MockitoTestExecutionListener, org.springframework.boot.test.mock.mockito.ResetMocksTestExecutionListener, org.springframework.test.context.web.ServletTestExecutionListener, org.springframework.test.context.support.DirtiesContextBeforeModesTestExecutionListener, org.springframework.test.context.support.DependencyInjectionTestExecutionListener, org.springframework.test.context.support.DirtiesContextTestExecutionListener, org.springframework.test.context.transaction.TransactionalTestExecutionListener, org.springframework.test.context.jdbc.SqlScriptsTestExecutionListener]
13:11:23.173 [Test worker] INFO org.springframework.boot.test.context.SpringBootTestContextBootstrapper - Using TestExecutionListeners: [org.springframework.test.context.web.ServletTestExecutionListener@3d90fc82, org.springframework.test.context.support.DirtiesContextBeforeModesTestExecutionListener@22e9ca0, org.springframework.boot.test.autoconfigure.SpringBootDependencyInjectionTestExecutionListener@7e95646c, org.springframework.test.context.support.DirtiesContextTestExecutionListener@4b0cdc28, org.springframework.test.context.transaction.TransactionalTestExecutionListener@71424d27, org.springframework.test.context.jdbc.SqlScriptsTestExecutionListener@77f1433, org.springframework.boot.test.autoconfigure.web.client.MockRestServiceServerResetTestExecutionListener@529cb6b4, org.springframework.boot.test.autoconfigure.web.servlet.WebDriverTestExecutionListener@7f5cdd53, org.springframework.boot.test.mock.mockito.ResetMocksTestExecutionListener@1c149cea, org.springframework.boot.test.mock.mockito.MockitoTestExecutionListener@63b5ddd7, org.springframework.boot.test.autoconfigure.restdocs.RestDocsTestExecutionListener@54abfe03, org.springframework.boot.test.autoconfigure.web.servlet.MockMvcPrintOnlyOnFailureTestExecutionListener@4d041780]
13:11:23.177 [Test worker] DEBUG org.springframework.test.annotation.ProfileValueUtils - Retrieved @ProfileValueSourceConfiguration [null] for test class [com.timposu.pembayaran.pembayaranserver.FcmServiceTest]
13:11:23.178 [Test worker] DEBUG org.springframework.test.annotation.ProfileValueUtils - Retrieved ProfileValueSource type [class org.springframework.test.annotation.SystemProfileValueSource] for class [com.timposu.pembayaran.pembayaranserver.FcmServiceTest]
13:11:23.179 [Test worker] DEBUG org.springframework.test.annotation.ProfileValueUtils - Retrieved @ProfileValueSourceConfiguration [null] for test class [com.timposu.pembayaran.pembayaranserver.FcmServiceTest]
13:11:23.180 [Test worker] DEBUG org.springframework.test.annotation.ProfileValueUtils - Retrieved ProfileValueSource type [class org.springframework.test.annotation.SystemProfileValueSource] for class [com.timposu.pembayaran.pembayaranserver.FcmServiceTest]
13:11:23.186 [Test worker] DEBUG org.springframework.test.context.support.AbstractDirtiesContextTestExecutionListener - Before test class: context [DefaultTestContext@27a012df testClass = FcmServiceTest, testInstance = [null], testMethod = [null], testException = [null], mergedContextConfiguration = [WebMergedContextConfiguration@533fc4d1 testClass = FcmServiceTest, locations = '{}', classes = '{class com.timposu.pembayaran.pembayaranserver.PembayaranServerApplication}', contextInitializerClasses = '[]', activeProfiles = '{}', propertySourceLocations = '{}', propertySourceProperties = '{org.springframework.boot.test.context.SpringBootTestContextBootstrapper=true}', contextCustomizers = set[org.springframework.boot.test.autoconfigure.properties.PropertyMappingContextCustomizer@0, org.springframework.boot.test.autoconfigure.web.servlet.WebDriverContextCustomizerFactory$Customizer@2f41d2db, org.springframework.boot.test.context.SpringBootTestContextCustomizer@5557105f, org.springframework.boot.test.context.filter.ExcludeFilterContextCustomizer@3cc5ff15, org.springframework.boot.test.json.DuplicateJsonObjectContextCustomizerFactory$DuplicateJsonObjectContextCustomizer@1304166, org.springframework.boot.test.mock.mockito.MockitoContextCustomizer@0], resourceBasePath = 'src/main/webapp', contextLoader = 'org.springframework.boot.test.context.SpringBootContextLoader', parent = [null]]], class annotated with @DirtiesContext [false] with mode [null].
13:11:23.188 [Test worker] DEBUG org.springframework.test.annotation.ProfileValueUtils - Retrieved @ProfileValueSourceConfiguration [null] for test class [com.timposu.pembayaran.pembayaranserver.FcmServiceTest]
13:11:23.189 [Test worker] DEBUG org.springframework.test.annotation.ProfileValueUtils - Retrieved ProfileValueSource type [class org.springframework.test.annotation.SystemProfileValueSource] for class [com.timposu.pembayaran.pembayaranserver.FcmServiceTest]
13:11:23.295 [Test worker] DEBUG org.springframework.core.env.StandardEnvironment - Adding [systemProperties] PropertySource with lowest search precedence
13:11:23.295 [Test worker] DEBUG org.springframework.core.env.StandardEnvironment - Adding [systemEnvironment] PropertySource with lowest search precedence
13:11:23.295 [Test worker] DEBUG org.springframework.core.env.StandardEnvironment - Initialized StandardEnvironment with PropertySources [systemProperties,systemEnvironment]
13:11:23.298 [Test worker] DEBUG org.springframework.core.env.MutablePropertySources - Adding [inline] PropertySource with highest search precedence
13:11:23.308 [Test worker] DEBUG org.springframework.test.context.support.TestPropertySourceUtils - Adding inlined properties to environment: {spring.jmx.enabled=false, org.springframework.boot.test.context.SpringBootTestContextBootstrapper=true, server.port=-1}
13:11:23.309 [Test worker] DEBUG org.springframework.core.env.StandardEnvironment - Adding [Inlined Test Properties] PropertySource with highest search precedence

  .   ____          _            __ _ _
 /\\ / ___'_ __ _ _(_)_ __  __ _ \ \ \ \
( ( )\___ | '_ | '_| | '_ \/ _` | \ \ \ \
 \\/  ___)| |_)| | | | | || (_| |  ) ) ) )
  '  |____| .__|_| |_|_| |_\__, | / / / /
 =========|_|==============|___/=/_/_/_/
 :: Spring Boot ::        (v1.5.6.RELEASE)

2017-08-19 13:11:25.507  INFO 10287 --- [    Test worker] c.t.p.pembayaranserver.FcmServiceTest    : Starting FcmServiceTest on timposu.laptop with PID 10287 (started by ucup in /home/ucuptimposu/AndroidStudioProjects/modul-android/app-pembayaran-android/pembayaran-server)
2017-08-19 13:11:25.510 DEBUG 10287 --- [    Test worker] c.t.p.pembayaranserver.FcmServiceTest    : Running with Spring Boot v1.5.6.RELEASE, Spring v4.3.10.RELEASE
2017-08-19 13:11:25.510  INFO 10287 --- [    Test worker] c.t.p.pembayaranserver.FcmServiceTest    : No active profile set, falling back to default profiles: default
2017-08-19 13:11:25.603  INFO 10287 --- [    Test worker] o.s.w.c.s.GenericWebApplicationContext   : Refreshing org.springframework.web.context.support.GenericWebApplicationContext@4f2d36a9: startup date [Sat Aug 19 13:11:25 WITA 2017]; root of context hierarchy
2017-08-19 13:11:30.259  INFO 10287 --- [    Test worker] j.LocalContainerEntityManagerFactoryBean : Building JPA container EntityManagerFactory for persistence unit 'default'
2017-08-19 13:11:30.306  INFO 10287 --- [    Test worker] o.hibernate.jpa.internal.util.LogHelper  : HHH000204: Processing PersistenceUnitInfo [
	name: default
	...]
2017-08-19 13:11:30.471  INFO 10287 --- [    Test worker] org.hibernate.Version                    : HHH000412: Hibernate Core {5.0.12.Final}
2017-08-19 13:11:30.474  INFO 10287 --- [    Test worker] org.hibernate.cfg.Environment            : HHH000206: hibernate.properties not found
2017-08-19 13:11:30.478  INFO 10287 --- [    Test worker] org.hibernate.cfg.Environment            : HHH000021: Bytecode provider name : javassist
2017-08-19 13:11:30.572  INFO 10287 --- [    Test worker] o.hibernate.annotations.common.Version   : HCANN000001: Hibernate Commons Annotations {5.0.1.Final}
2017-08-19 13:11:30.835  INFO 10287 --- [    Test worker] org.hibernate.dialect.Dialect            : HHH000400: Using dialect: org.hibernate.dialect.PostgreSQLDialect
2017-08-19 13:11:31.197  INFO 10287 --- [    Test worker] o.h.e.j.e.i.LobCreatorBuilderImpl        : HHH000424: Disabling contextual LOB creation as createClob() method threw error : java.lang.reflect.InvocationTargetException
2017-08-19 13:11:31.201  INFO 10287 --- [    Test worker] org.hibernate.type.BasicTypeRegistry     : HHH000270: Type registration [java.util.UUID] overrides previous : org.hibernate.type.UUIDBinaryType@6148a27f
2017-08-19 13:11:32.625  INFO 10287 --- [    Test worker] org.hibernate.tool.hbm2ddl.SchemaExport  : HHH000227: Running hbm2ddl schema export
2017-08-19 13:11:33.261  INFO 10287 --- [    Test worker] org.hibernate.tool.hbm2ddl.SchemaExport  : HHH000230: Schema export complete
2017-08-19 13:11:33.327  INFO 10287 --- [    Test worker] j.LocalContainerEntityManagerFactoryBean : Initialized JPA EntityManagerFactory for persistence unit 'default'
2017-08-19 13:11:35.022  INFO 10287 --- [    Test worker] s.w.s.m.m.a.RequestMappingHandlerAdapter : Looking for @ControllerAdvice: org.springframework.web.context.support.GenericWebApplicationContext@4f2d36a9: startup date [Sat Aug 19 13:11:25 WITA 2017]; root of context hierarchy
2017-08-19 13:11:35.190  INFO 10287 --- [    Test worker] s.w.s.m.m.a.RequestMappingHandlerMapping : Mapped "{[/api/login],methods=[POST]}" onto public java.util.Map<java.lang.String, java.lang.Object> com.timposu.pembayaran.pembayaranserver.controller.LoginController.login(com.timposu.pembayaran.pembayaranserver.dto.LoginRequest)
2017-08-19 13:11:35.197  INFO 10287 --- [    Test worker] s.w.s.m.m.a.RequestMappingHandlerMapping : Mapped "{[/error],produces=[text/html]}" onto public org.springframework.web.servlet.ModelAndView org.springframework.boot.autoconfigure.web.BasicErrorController.errorHtml(javax.servlet.http.HttpServletRequest,javax.servlet.http.HttpServletResponse)
2017-08-19 13:11:35.199  INFO 10287 --- [    Test worker] s.w.s.m.m.a.RequestMappingHandlerMapping : Mapped "{[/error]}" onto public org.springframework.http.ResponseEntity<java.util.Map<java.lang.String, java.lang.Object>> org.springframework.boot.autoconfigure.web.BasicErrorController.error(javax.servlet.http.HttpServletRequest)
2017-08-19 13:11:35.282  INFO 10287 --- [    Test worker] o.s.w.s.handler.SimpleUrlHandlerMapping  : Mapped URL path [/webjars/**] onto handler of type [class org.springframework.web.servlet.resource.ResourceHttpRequestHandler]
2017-08-19 13:11:35.282  INFO 10287 --- [    Test worker] o.s.w.s.handler.SimpleUrlHandlerMapping  : Mapped URL path [/**] onto handler of type [class org.springframework.web.servlet.resource.ResourceHttpRequestHandler]
2017-08-19 13:11:35.378  INFO 10287 --- [    Test worker] o.s.w.s.handler.SimpleUrlHandlerMapping  : Mapped URL path [/**/favicon.ico] onto handler of type [class org.springframework.web.servlet.resource.ResourceHttpRequestHandler]
2017-08-19 13:11:35.952  INFO 10287 --- [    Test worker] s.a.ScheduledAnnotationBeanPostProcessor : No TaskScheduler/ScheduledExecutorService bean found for scheduled processing
2017-08-19 13:11:35.978  INFO 10287 --- [    Test worker] c.t.p.pembayaranserver.FcmServiceTest    : Started FcmServiceTest in 12.649 seconds (JVM running for 14.255)
2017-08-19 13:11:36.051  INFO 10287 --- [pool-2-thread-1] o.h.h.i.QueryTranslatorFactoryInitiator  : HHH000397: Using ASTQueryTranslatorFactory
2017-08-19 13:11:36.692 DEBUG 10287 --- [pool-2-thread-1] c.t.p.p.service.FcmService               : FCM : proses memproses 0 antrian dari 0
2017-08-19 13:11:41.772 DEBUG 10287 --- [pool-2-thread-1] c.t.p.p.service.FcmService               : FCM : proses memproses 1 antrian dari 1
2017-08-19 13:11:44.223 DEBUG 10287 --- [pool-2-thread-1] c.t.p.p.service.FcmService               : FCM SUKSES: [null]
]]></system-out>
  <system-err><![CDATA[]]></system-err>
</testsuite>
